This file contains any messages produced by compilers while
running configure, to aid debugging if configure makes a mistake.

It was created by configure, which was
generated by GNU Autoconf 2.69.  Invocation command line was

  $ ./configure --with-freetype2-includes=/usr/include/freetype2/

## --------- ##
## Platform. ##
## --------- ##

hostname = radon
uname -m = x86_64
uname -r = 5.0.9-301.fc30.x86_64
uname -s = Linux
uname -v = #1 SMP Tue Apr 23 23:57:35 UTC 2019

/usr/bin/uname -p = x86_64
/bin/uname -X     = unknown

/bin/arch              = x86_64
/usr/bin/arch -k       = unknown
/usr/convex/getsysinfo = unknown
/usr/bin/hostinfo      = unknown
/bin/machine           = unknown
/usr/bin/oslevel       = unknown
/bin/universe          = unknown

PATH: /usr/lib64/ccache
PATH: /usr/local/bin
PATH: /usr/bin
PATH: /bin
PATH: /home/gabriel/.cabal/bin
PATH: /home/gabriel/.bin
PATH: /home/gabriel/bin
PATH: /usr/local/sbin
PATH: /usr/sbin


## ----------- ##
## Core tests. ##
## ----------- ##

configure:2507: checking for gcc
configure:2523: found /usr/lib64/ccache/gcc
configure:2534: result: gcc
configure:2763: checking for C compiler version
configure:2772: gcc --version >&5
gcc (GCC) 9.0.1 20190312 (Red Hat 9.0.1-0.10)
Copyright (C) 2019 Free Software Foundation, Inc.
This is free software; see the source for copying conditions.  There is NO
warranty; not even for MERCHANTABILITY or FITNESS FOR A PARTICULAR PURPOSE.

configure:2783: $? = 0
configure:2772: gcc -v >&5
Using built-in specs.
COLLECT_GCC=/usr/bin/gcc
COLLECT_LTO_WRAPPER=/usr/libexec/gcc/x86_64-redhat-linux/9/lto-wrapper
OFFLOAD_TARGET_NAMES=nvptx-none
OFFLOAD_TARGET_DEFAULT=1
Target: x86_64-redhat-linux
Configured with: ../configure --enable-bootstrap --enable-languages=c,c++,fortran,objc,obj-c++,ada,go,d,lto --prefix=/usr --mandir=/usr/share/man --infodir=/usr/share/info --with-bugurl=http://bugzilla.redhat.com/bugzilla --enable-shared --enable-threads=posix --enable-checking=release --enable-multilib --with-system-zlib --enable-__cxa_atexit --disable-libunwind-exceptions --enable-gnu-unique-object --enable-linker-build-id --with-gcc-major-version-only --with-linker-hash-style=gnu --enable-plugin --enable-initfini-array --with-isl --enable-offload-targets=nvptx-none --without-cuda-driver --enable-gnu-indirect-function --enable-cet --with-tune=generic --with-arch_32=i686 --build=x86_64-redhat-linux
Thread model: posix
gcc version 9.0.1 20190312 (Red Hat 9.0.1-0.10) (GCC) 
configure:2783: $? = 0
configure:2772: gcc -V >&5
gcc: error: unrecognized command line option '-V'
gcc: fatal error: no input files
compilation terminated.
configure:2783: $? = 1
configure:2772: gcc -qversion >&5
gcc: error: unrecognized command line option '-qversion'; did you mean '--version'?
gcc: fatal error: no input files
compilation terminated.
configure:2783: $? = 1
configure:2803: checking whether the C compiler works
configure:2825: gcc    conftest.c  >&5
configure:2829: $? = 0
configure:2877: result: yes
configure:2880: checking for C compiler default output file name
configure:2882: result: a.out
configure:2888: checking for suffix of executables
configure:2895: gcc -o conftest    conftest.c  >&5
configure:2899: $? = 0
configure:2921: result: 
configure:2943: checking whether we are cross compiling
configure:2951: gcc -o conftest    conftest.c  >&5
configure:2955: $? = 0
configure:2962: ./conftest
configure:2966: $? = 0
configure:2954: result: no
configure:2959: checking for suffix of object files
configure:2981: gcc -c   conftest.c >&5
configure:2985: $? = 0
configure:3006: result: o
configure:3010: checking whether we are using the GNU C compiler
configure:3029: gcc -c   conftest.c >&5
configure:3029: $? = 0
configure:3038: result: yes
configure:3047: checking whether gcc accepts -g
configure:3067: gcc -c -g  conftest.c >&5
configure:3067: $? = 0
configure:3108: result: yes
configure:3125: checking for gcc option to accept ISO C89
configure:3188: gcc  -c -g -O2  conftest.c >&5
configure:3188: $? = 0
configure:3201: result: none needed
configure:3222: checking for library containing strerror
configure:3253: gcc -o conftest -g -O2   conftest.c  >&5
configure:3253: $? = 0
configure:3270: result: none required
configure:3282: checking for gcc option to accept ISO C99
configure:3431: gcc  -c -g -O2  conftest.c >&5
configure:3431: $? = 0
configure:3444: result: none needed
configure:3552: checking for gcc option to accept ISO Standard C
configure:3563: result: none needed
configure:3631: checking for g++
configure:3647: found /usr/lib64/ccache/g++
configure:3658: result: g++
configure:3685: checking for C++ compiler version
configure:3694: g++ --version >&5
g++ (GCC) 9.0.1 20190312 (Red Hat 9.0.1-0.10)
Copyright (C) 2019 Free Software Foundation, Inc.
This is free software; see the source for copying conditions.  There is NO
warranty; not even for MERCHANTABILITY or FITNESS FOR A PARTICULAR PURPOSE.

configure:3705: $? = 0
configure:3694: g++ -v >&5
Using built-in specs.
COLLECT_GCC=/usr/bin/g++
COLLECT_LTO_WRAPPER=/usr/libexec/gcc/x86_64-redhat-linux/9/lto-wrapper
OFFLOAD_TARGET_NAMES=nvptx-none
OFFLOAD_TARGET_DEFAULT=1
Target: x86_64-redhat-linux
Configured with: ../configure --enable-bootstrap --enable-languages=c,c++,fortran,objc,obj-c++,ada,go,d,lto --prefix=/usr --mandir=/usr/share/man --infodir=/usr/share/info --with-bugurl=http://bugzilla.redhat.com/bugzilla --enable-shared --enable-threads=posix --enable-checking=release --enable-multilib --with-system-zlib --enable-__cxa_atexit --disable-libunwind-exceptions --enable-gnu-unique-object --enable-linker-build-id --with-gcc-major-version-only --with-linker-hash-style=gnu --enable-plugin --enable-initfini-array --with-isl --enable-offload-targets=nvptx-none --without-cuda-driver --enable-gnu-indirect-function --enable-cet --with-tune=generic --with-arch_32=i686 --build=x86_64-redhat-linux
Thread model: posix
gcc version 9.0.1 20190312 (Red Hat 9.0.1-0.10) (GCC) 
configure:3705: $? = 0
configure:3694: g++ -V >&5
g++: error: unrecognized command line option '-V'
g++: fatal error: no input files
compilation terminated.
configure:3705: $? = 1
configure:3694: g++ -qversion >&5
g++: error: unrecognized command line option '-qversion'; did you mean '--version'?
g++: fatal error: no input files
compilation terminated.
configure:3705: $? = 1
configure:3709: checking whether we are using the GNU C++ compiler
configure:3728: g++ -c   conftest.cpp >&5
configure:3728: $? = 0
configure:3737: result: yes
configure:3746: checking whether g++ accepts -g
configure:3766: g++ -c -g  conftest.cpp >&5
configure:3766: $? = 0
configure:3807: result: yes
configure:3873: checking for a BSD-compatible install
configure:3941: result: /usr/bin/install -c
configure:3995: checking for ranlib
configure:4011: found /usr/bin/ranlib
configure:4022: result: ranlib
configure:4050: checking for OS/2 (with EMX)
configure:4066: gcc -c -g -O2  conftest.c >&5
conftest.c: In function 'main':
conftest.c:15:1: error: '__EMX__' undeclared (first use in this function)
   15 | __EMX__
      | ^~~~~~~
conftest.c:15:1: note: each undeclared identifier is reported only once for each function it appears in
configure:4066: $? = 1
configure: failed program was:
| /* confdefs.h */
| #define PACKAGE_NAME ""
| #define PACKAGE_TARNAME ""
| #define PACKAGE_VERSION ""
| #define PACKAGE_STRING ""
| #define PACKAGE_BUGREPORT ""
| #define PACKAGE_URL ""
| #define APPDEFDIR ""
| #define SYSTEM_XPDFRC "/usr/local/etc/xpdfrc"
| /* end confdefs.h.  */
| 
| int
| main ()
| {
| __EMX__
|   ;
|   return 0;
| }
configure:4073: result: no
configure:4081: checking for DOS (with DJGPP)
configure:4097: gcc -c -g -O2  conftest.c >&5
conftest.c: In function 'main':
conftest.c:15:1: error: '__DJGPP__' undeclared (first use in this function)
   15 | __DJGPP__
      | ^~~~~~~~~
conftest.c:15:1: note: each undeclared identifier is reported only once for each function it appears in
configure:4097: $? = 1
configure: failed program was:
| /* confdefs.h */
| #define PACKAGE_NAME ""
| #define PACKAGE_TARNAME ""
| #define PACKAGE_VERSION ""
| #define PACKAGE_STRING ""
| #define PACKAGE_BUGREPORT ""
| #define PACKAGE_URL ""
| #define APPDEFDIR ""
| #define SYSTEM_XPDFRC "/usr/local/etc/xpdfrc"
| /* end confdefs.h.  */
| 
| int
| main ()
| {
| __DJGPP__
|   ;
|   return 0;
| }
configure:4104: result: no
configure:4123: checking how to run the C preprocessor
configure:4154: gcc -E  conftest.c
configure:4154: $? = 0
configure:4168: gcc -E  conftest.c
conftest.c:11:10: fatal error: ac_nonexistent.h: No such file or directory
   11 | #include <ac_nonexistent.h>
      |          ^~~~~~~~~~~~~~~~~~
compilation terminated.
configure:4168: $? = 1
configure: failed program was:
| /* confdefs.h */
| #define PACKAGE_NAME ""
| #define PACKAGE_TARNAME ""
| #define PACKAGE_VERSION ""
| #define PACKAGE_STRING ""
| #define PACKAGE_BUGREPORT ""
| #define PACKAGE_URL ""
| #define APPDEFDIR ""
| #define SYSTEM_XPDFRC "/usr/local/etc/xpdfrc"
| /* end confdefs.h.  */
| #include <ac_nonexistent.h>
configure:4193: result: gcc -E
configure:4213: gcc -E  conftest.c
configure:4213: $? = 0
configure:4227: gcc -E  conftest.c
conftest.c:11:10: fatal error: ac_nonexistent.h: No such file or directory
   11 | #include <ac_nonexistent.h>
      |          ^~~~~~~~~~~~~~~~~~
compilation terminated.
configure:4227: $? = 1
configure: failed program was:
| /* confdefs.h */
| #define PACKAGE_NAME ""
| #define PACKAGE_TARNAME ""
| #define PACKAGE_VERSION ""
| #define PACKAGE_STRING ""
| #define PACKAGE_BUGREPORT ""
| #define PACKAGE_URL ""
| #define APPDEFDIR ""
| #define SYSTEM_XPDFRC "/usr/local/etc/xpdfrc"
| /* end confdefs.h.  */
| #include <ac_nonexistent.h>
configure:4256: checking for X
configure:4364: gcc -E  conftest.c
configure:4364: $? = 0
configure:4395: gcc -o conftest -g -O2   conftest.c -lX11  >&5
configure:4395: $? = 0
configure:4445: result: libraries , headers 
configure:4544: gcc -o conftest -g -O2   conftest.c   -lX11 >&5
configure:4544: $? = 0
configure:4642: checking for gethostbyname
configure:4642: gcc -o conftest -g -O2   conftest.c  >&5
configure:4642: $? = 0
configure:4642: result: yes
configure:4739: checking for connect
configure:4739: gcc -o conftest -g -O2   conftest.c  >&5
configure:4739: $? = 0
configure:4739: result: yes
configure:4788: checking for remove
configure:4788: gcc -o conftest -g -O2   conftest.c  >&5
configure:4788: $? = 0
configure:4788: result: yes
configure:4837: checking for shmat
configure:4837: gcc -o conftest -g -O2   conftest.c  >&5
configure:4837: $? = 0
configure:4837: result: yes
configure:4895: checking for IceConnectionNumber in -lICE
configure:4920: gcc -o conftest -g -O2   conftest.c -lICE   >&5
configure:4920: $? = 0
configure:4929: result: yes
configure:4942: checking for dirent.h that defines DIR
configure:4961: gcc -c -g -O2  conftest.c >&5
configure:4961: $? = 0
configure:4969: result: yes
configure:4982: checking for library containing opendir
configure:5013: gcc -o conftest -g -O2   conftest.c  >&5
configure:5013: $? = 0
configure:5030: result: none required
configure:5106: checking for gethostbyname
configure:5106: result: yes
configure:5154: checking select() and fd_set in sys/select.h and sys/bsdtypes.h
configure:5171: g++ -c -g -O2  conftest.cpp >&5
configure:5171: $? = 0
configure:5178: result: not needed
configure:5243: checking FD_ZERO and strings.h or bstring.h
configure:5260: g++ -c -g -O2  conftest.cpp >&5
configure:5260: $? = 0
configure:5267: result: not needed
configure:5334: checking for rewinddir
configure:5334: g++ -o conftest -g -O2   conftest.cpp  >&5
configure:5334: $? = 0
configure:5334: result: yes
configure:5393: checking for popen
configure:5393: g++ -o conftest -g -O2   conftest.cpp  >&5
configure:5393: $? = 0
configure:5393: result: yes
configure:5402: checking for mkstemp
configure:5419: g++ -o conftest -g -O2   conftest.cpp  >&5
conftest.cpp: In function 'int main()':
conftest.cpp:19:9: warning: ISO C++ forbids converting a string constant to 'char*' [-Wwrite-strings]
   19 | mkstemp("foo");
      |         ^~~~~
configure:5419: $? = 0
configure:5427: result: yes
configure:5433: checking for mkstemps
configure:5450: g++ -o conftest -g -O2   conftest.cpp  >&5
conftest.cpp: In function 'int main()':
conftest.cpp:20:10: warning: ISO C++ forbids converting a string constant to 'char*' [-Wwrite-strings]
   20 | mkstemps("foo", 0);
      |          ^~~~~
configure:5450: $? = 0
configure:5458: result: yes
configure:5465: checking whether select takes fd_set arguments
configure:5487: g++ -c -g -O2  conftest.cpp >&5
configure:5487: $? = 0
configure:5494: result: yes
configure:5501: checking for std::sort
configure:5521: g++ -c -g -O2  conftest.cpp >&5
configure:5521: $? = 0
configure:5528: result: yes
configure:5549: checking for special C compiler options needed for large files
configure:5594: result: no
configure:5600: checking for _FILE_OFFSET_BITS value needed for large files
configure:5625: gcc -c -g -O2  conftest.c >&5
configure:5625: $? = 0
configure:5657: result: no
configure:5742: checking for _LARGEFILE_SOURCE value needed for large files
configure:5761: gcc -o conftest -g -O2   conftest.c  >&5
configure:5761: $? = 0
configure:5789: result: no
configure:5812: checking for fseek64
configure:5812: gcc -o conftest -g -O2   conftest.c  >&5
/usr/bin/ld: /tmp/cc2sSUWU.o: in function `main':
/home/gabriel/dev/.programms/xpdf-3.04/conftest.c:52: undefined reference to `fseek64'
collect2: error: ld returned 1 exit status
configure:5812: $? = 1
configure: failed program was:
| /* confdefs.h */
| #define PACKAGE_NAME ""
| #define PACKAGE_TARNAME ""
| #define PACKAGE_VERSION ""
| #define PACKAGE_STRING ""
| #define PACKAGE_BUGREPORT ""
| #define PACKAGE_URL ""
| #define APPDEFDIR ""
| #define SYSTEM_XPDFRC "/usr/local/etc/xpdfrc"
| #define HAVE_DIRENT_H 1
| #define HAVE_REWINDDIR 1
| #define HAVE_POPEN 1
| #define HAVE_MKSTEMP 1
| #define HAVE_MKSTEMPS 1
| #define HAVE_STD_SORT 1
| #define HAVE_FSEEKO 1
| /* end confdefs.h.  */
| /* Define fseek64 to an innocuous variant, in case <limits.h> declares fseek64.
|    For example, HP-UX 11i <limits.h> declares gettimeofday.  */
| #define fseek64 innocuous_fseek64
| 
| /* System header to define __stub macros and hopefully few prototypes,
|     which can conflict with char fseek64 (); below.
|     Prefer <limits.h> to <assert.h> if __STDC__ is defined, since
|     <limits.h> exists even on freestanding compilers.  */
| 
| #ifdef __STDC__
| # include <limits.h>
| #else
| # include <assert.h>
| #endif
| 
| #undef fseek64
| 
| /* Override any GCC internal prototype to avoid an error.
|    Use char because int might match the return type of a GCC
|    builtin and then its argument prototype would still apply.  */
| #ifdef __cplusplus
| extern "C"
| #endif
| char fseek64 ();
| /* The GNU C library defines this for functions which it implements
|     to always fail with ENOSYS.  Some functions are actually named
|     something starting with __ and the normal name is an alias.  */
| #if defined __stub_fseek64 || defined __stub___fseek64
| choke me
| #endif
| 
| int
| main ()
| {
| return fseek64 ();
|   ;
|   return 0;
| }
configure:5812: result: no
configure:5825: checking for ftell64
configure:5825: gcc -o conftest -g -O2   conftest.c  >&5
/usr/bin/ld: /tmp/ccf3exU0.o: in function `main':
/home/gabriel/dev/.programms/xpdf-3.04/conftest.c:52: undefined reference to `ftell64'
collect2: error: ld returned 1 exit status
configure:5825: $? = 1
configure: failed program was:
| /* confdefs.h */
| #define PACKAGE_NAME ""
| #define PACKAGE_TARNAME ""
| #define PACKAGE_VERSION ""
| #define PACKAGE_STRING ""
| #define PACKAGE_BUGREPORT ""
| #define PACKAGE_URL ""
| #define APPDEFDIR ""
| #define SYSTEM_XPDFRC "/usr/local/etc/xpdfrc"
| #define HAVE_DIRENT_H 1
| #define HAVE_REWINDDIR 1
| #define HAVE_POPEN 1
| #define HAVE_MKSTEMP 1
| #define HAVE_MKSTEMPS 1
| #define HAVE_STD_SORT 1
| #define HAVE_FSEEKO 1
| /* end confdefs.h.  */
| /* Define ftell64 to an innocuous variant, in case <limits.h> declares ftell64.
|    For example, HP-UX 11i <limits.h> declares gettimeofday.  */
| #define ftell64 innocuous_ftell64
| 
| /* System header to define __stub macros and hopefully few prototypes,
|     which can conflict with char ftell64 (); below.
|     Prefer <limits.h> to <assert.h> if __STDC__ is defined, since
|     <limits.h> exists even on freestanding compilers.  */
| 
| #ifdef __STDC__
| # include <limits.h>
| #else
| # include <assert.h>
| #endif
| 
| #undef ftell64
| 
| /* Override any GCC internal prototype to avoid an error.
|    Use char because int might match the return type of a GCC
|    builtin and then its argument prototype would still apply.  */
| #ifdef __cplusplus
| extern "C"
| #endif
| char ftell64 ();
| /* The GNU C library defines this for functions which it implements
|     to always fail with ENOSYS.  Some functions are actually named
|     something starting with __ and the normal name is an alias.  */
| #if defined __stub_ftell64 || defined __stub___ftell64
| choke me
| #endif
| 
| int
| main ()
| {
| return ftell64 ();
|   ;
|   return 0;
| }
configure:5825: result: no
configure:5842: checking for grep that handles long lines and -e
configure:5900: result: /usr/bin/grep
configure:5905: checking for egrep
configure:5967: result: /usr/bin/grep -E
configure:5972: checking for ANSI C header files
configure:5992: gcc -c -g -O2  conftest.c >&5
configure:5992: $? = 0
configure:6065: gcc -o conftest -g -O2   conftest.c  >&5
configure:6065: $? = 0
configure:6065: ./conftest
configure:6065: $? = 0
configure:6076: result: yes
configure:6089: checking for sys/types.h
configure:6089: gcc -c -g -O2  conftest.c >&5
configure:6089: $? = 0
configure:6089: result: yes
configure:6089: checking for sys/stat.h
configure:6089: gcc -c -g -O2  conftest.c >&5
configure:6089: $? = 0
configure:6089: result: yes
configure:6089: checking for stdlib.h
configure:6089: gcc -c -g -O2  conftest.c >&5
configure:6089: $? = 0
configure:6089: result: yes
configure:6089: checking for string.h
configure:6089: gcc -c -g -O2  conftest.c >&5
configure:6089: $? = 0
configure:6089: result: yes
configure:6089: checking for memory.h
configure:6089: gcc -c -g -O2  conftest.c >&5
configure:6089: $? = 0
configure:6089: result: yes
configure:6089: checking for strings.h
configure:6089: gcc -c -g -O2  conftest.c >&5
configure:6089: $? = 0
configure:6089: result: yes
configure:6089: checking for inttypes.h
configure:6089: gcc -c -g -O2  conftest.c >&5
configure:6089: $? = 0
configure:6089: result: yes
configure:6089: checking for stdint.h
configure:6089: gcc -c -g -O2  conftest.c >&5
configure:6089: $? = 0
configure:6089: result: yes
configure:6089: checking for unistd.h
configure:6089: gcc -c -g -O2  conftest.c >&5
configure:6089: $? = 0
configure:6089: result: yes
configure:6125: checking whether to use Xpm library
configure:6132: result: maybe
configure:6181: checking where to find the Xpm header files
configure:6188: result: 
configure:6207: checking X11/xpm.h usability
configure:6207: gcc -c -g -O2    conftest.c >&5
conftest.c:61:10: fatal error: X11/xpm.h: No such file or directory
   61 | #include <X11/xpm.h>
      |          ^~~~~~~~~~~
compilation terminated.
configure:6207: $? = 1
configure: failed program was:
| /* confdefs.h */
| #define PACKAGE_NAME ""
| #define PACKAGE_TARNAME ""
| #define PACKAGE_VERSION ""
| #define PACKAGE_STRING ""
| #define PACKAGE_BUGREPORT ""
| #define PACKAGE_URL ""
| #define APPDEFDIR ""
| #define SYSTEM_XPDFRC "/usr/local/etc/xpdfrc"
| #define HAVE_DIRENT_H 1
| #define HAVE_REWINDDIR 1
| #define HAVE_POPEN 1
| #define HAVE_MKSTEMP 1
| #define HAVE_MKSTEMPS 1
| #define HAVE_STD_SORT 1
| #define HAVE_FSEEKO 1
| #define STDC_HEADERS 1
| #define HAVE_SYS_TYPES_H 1
| #define HAVE_SYS_STAT_H 1
| #define HAVE_STDLIB_H 1
| #define HAVE_STRING_H 1
| #define HAVE_MEMORY_H 1
| #define HAVE_STRINGS_H 1
| #define HAVE_INTTYPES_H 1
| #define HAVE_STDINT_H 1
| #define HAVE_UNISTD_H 1
| /* end confdefs.h.  */
| #include <stdio.h>
| #ifdef HAVE_SYS_TYPES_H
| # include <sys/types.h>
| #endif
| #ifdef HAVE_SYS_STAT_H
| # include <sys/stat.h>
| #endif
| #ifdef STDC_HEADERS
| # include <stdlib.h>
| # include <stddef.h>
| #else
| # ifdef HAVE_STDLIB_H
| #  include <stdlib.h>
| # endif
| #endif
| #ifdef HAVE_STRING_H
| # if !defined STDC_HEADERS && defined HAVE_MEMORY_H
| #  include <memory.h>
| # endif
| # include <string.h>
| #endif
| #ifdef HAVE_STRINGS_H
| # include <strings.h>
| #endif
| #ifdef HAVE_INTTYPES_H
| # include <inttypes.h>
| #endif
| #ifdef HAVE_STDINT_H
| # include <stdint.h>
| #endif
| #ifdef HAVE_UNISTD_H
| # include <unistd.h>
| #endif
| #include <X11/xpm.h>
configure:6207: result: no
configure:6207: checking X11/xpm.h presence
configure:6207: gcc -E    conftest.c
conftest.c:28:10: fatal error: X11/xpm.h: No such file or directory
   28 | #include <X11/xpm.h>
      |          ^~~~~~~~~~~
compilation terminated.
configure:6207: $? = 1
configure: failed program was:
| /* confdefs.h */
| #define PACKAGE_NAME ""
| #define PACKAGE_TARNAME ""
| #define PACKAGE_VERSION ""
| #define PACKAGE_STRING ""
| #define PACKAGE_BUGREPORT ""
| #define PACKAGE_URL ""
| #define APPDEFDIR ""
| #define SYSTEM_XPDFRC "/usr/local/etc/xpdfrc"
| #define HAVE_DIRENT_H 1
| #define HAVE_REWINDDIR 1
| #define HAVE_POPEN 1
| #define HAVE_MKSTEMP 1
| #define HAVE_MKSTEMPS 1
| #define HAVE_STD_SORT 1
| #define HAVE_FSEEKO 1
| #define STDC_HEADERS 1
| #define HAVE_SYS_TYPES_H 1
| #define HAVE_SYS_STAT_H 1
| #define HAVE_STDLIB_H 1
| #define HAVE_STRING_H 1
| #define HAVE_MEMORY_H 1
| #define HAVE_STRINGS_H 1
| #define HAVE_INTTYPES_H 1
| #define HAVE_STDINT_H 1
| #define HAVE_UNISTD_H 1
| /* end confdefs.h.  */
| #include <X11/xpm.h>
configure:6207: result: no
configure:6207: checking for X11/xpm.h
configure:6207: result: no
configure:6288: result: not using Xpm library
configure:6336: checking whether to use Xext library
configure:6343: result: maybe
configure:6392: checking where to find the Xext header files
configure:6399: result: 
configure:6418: checking X11/Xlib.h usability
configure:6418: gcc -c -g -O2    conftest.c >&5
configure:6418: $? = 0
configure:6418: result: yes
configure:6418: checking X11/Xlib.h presence
configure:6418: gcc -E    conftest.c
configure:6418: $? = 0
configure:6418: result: yes
configure:6418: checking for X11/Xlib.h
configure:6418: result: yes
configure:6447: checking for XextAddDisplay in -lXext
configure:6472: gcc -o conftest -g -O2   conftest.c -lXext   -lXext   -lSM -lICE  -lX11  >&5
configure:6472: $? = 0
configure:6481: result: yes
configure:6492: result: using Xext library
configure:6544: checking whether to use Xp library
configure:6551: result: maybe
configure:6600: checking where to find the Xp header files
configure:6607: result: 
configure:6626: checking X11/extensions/Print.h usability
configure:6626: gcc -c -g -O2    conftest.c >&5
configure:6626: $? = 0
configure:6626: result: yes
configure:6626: checking X11/extensions/Print.h presence
configure:6626: gcc -E    conftest.c
configure:6626: $? = 0
configure:6626: result: yes
configure:6626: checking for X11/extensions/Print.h
configure:6626: result: yes
configure:6655: checking for XpStartPage in -lXp
configure:6680: gcc -o conftest -g -O2   conftest.c -lXp   -lXp   -lSM -lICE -lXext  -lX11  >&5
configure:6680: $? = 0
configure:6689: result: yes
configure:6700: result: using Xp library
configure:6752: checking whether to use Xt library
configure:6759: result: maybe
configure:6808: checking where to find the Xt header files
configure:6815: result: 
configure:6834: checking X11/Intrinsic.h usability
configure:6834: gcc -c -g -O2    conftest.c >&5
configure:6834: $? = 0
configure:6834: result: yes
configure:6834: checking X11/Intrinsic.h presence
configure:6834: gcc -E    conftest.c
configure:6834: $? = 0
configure:6834: result: yes
configure:6834: checking for X11/Intrinsic.h
configure:6834: result: yes
configure:6863: checking for XtAppInitialize in -lXt
configure:6888: gcc -o conftest -g -O2   conftest.c -lXt   -lXt   -lSM -lICE  -lX11  >&5
configure:6888: $? = 0
configure:6897: result: yes
configure:6908: result: using Xt library
configure:6960: checking whether to use Xm library
configure:6967: result: maybe
configure:7016: checking where to find the Xm header files
configure:7023: result: 
configure:7042: checking Xm/XmAll.h usability
configure:7042: gcc -c -g -O2    conftest.c >&5
configure:7042: $? = 0
configure:7042: result: yes
configure:7042: checking Xm/XmAll.h presence
configure:7042: gcc -E    conftest.c
configure:7042: $? = 0
configure:7042: result: yes
configure:7042: checking for Xm/XmAll.h
configure:7042: result: yes
configure:7071: checking for XmCreateForm in -lXm
configure:7096: gcc -o conftest -g -O2   conftest.c -lXm   -lXm -lXt   -lSM -lICE -lXp -lXext  -lX11  >&5
configure:7096: $? = 0
configure:7105: result: yes
configure:7116: result: using Xm library
configure:7168: checking whether to use Sgm library
configure:7175: result: maybe
configure:7224: checking where to find the Sgm header files
configure:7231: result: 
configure:7250: checking Sgm/HPanedW.h usability
configure:7250: gcc -c -g -O2    conftest.c >&5
conftest.c:65:10: fatal error: Sgm/HPanedW.h: No such file or directory
   65 | #include <Sgm/HPanedW.h>
      |          ^~~~~~~~~~~~~~~
compilation terminated.
configure:7250: $? = 1
configure: failed program was:
| /* confdefs.h */
| #define PACKAGE_NAME ""
| #define PACKAGE_TARNAME ""
| #define PACKAGE_VERSION ""
| #define PACKAGE_STRING ""
| #define PACKAGE_BUGREPORT ""
| #define PACKAGE_URL ""
| #define APPDEFDIR ""
| #define SYSTEM_XPDFRC "/usr/local/etc/xpdfrc"
| #define HAVE_DIRENT_H 1
| #define HAVE_REWINDDIR 1
| #define HAVE_POPEN 1
| #define HAVE_MKSTEMP 1
| #define HAVE_MKSTEMPS 1
| #define HAVE_STD_SORT 1
| #define HAVE_FSEEKO 1
| #define STDC_HEADERS 1
| #define HAVE_SYS_TYPES_H 1
| #define HAVE_SYS_STAT_H 1
| #define HAVE_STDLIB_H 1
| #define HAVE_STRING_H 1
| #define HAVE_MEMORY_H 1
| #define HAVE_STRINGS_H 1
| #define HAVE_INTTYPES_H 1
| #define HAVE_STDINT_H 1
| #define HAVE_UNISTD_H 1
| #define HAVE_X11_XLIB_H 1
| #define HAVE_X11_EXTENSIONS_PRINT_H 1
| #define HAVE_X11_INTRINSIC_H 1
| #define HAVE_XM_XMALL_H 1
| /* end confdefs.h.  */
| #include <stdio.h>
| #ifdef HAVE_SYS_TYPES_H
| # include <sys/types.h>
| #endif
| #ifdef HAVE_SYS_STAT_H
| # include <sys/stat.h>
| #endif
| #ifdef STDC_HEADERS
| # include <stdlib.h>
| # include <stddef.h>
| #else
| # ifdef HAVE_STDLIB_H
| #  include <stdlib.h>
| # endif
| #endif
| #ifdef HAVE_STRING_H
| # if !defined STDC_HEADERS && defined HAVE_MEMORY_H
| #  include <memory.h>
| # endif
| # include <string.h>
| #endif
| #ifdef HAVE_STRINGS_H
| # include <strings.h>
| #endif
| #ifdef HAVE_INTTYPES_H
| # include <inttypes.h>
| #endif
| #ifdef HAVE_STDINT_H
| # include <stdint.h>
| #endif
| #ifdef HAVE_UNISTD_H
| # include <unistd.h>
| #endif
| #include <Sgm/HPanedW.h>
configure:7250: result: no
configure:7250: checking Sgm/HPanedW.h presence
configure:7250: gcc -E    conftest.c
conftest.c:32:10: fatal error: Sgm/HPanedW.h: No such file or directory
   32 | #include <Sgm/HPanedW.h>
      |          ^~~~~~~~~~~~~~~
compilation terminated.
configure:7250: $? = 1
configure: failed program was:
| /* confdefs.h */
| #define PACKAGE_NAME ""
| #define PACKAGE_TARNAME ""
| #define PACKAGE_VERSION ""
| #define PACKAGE_STRING ""
| #define PACKAGE_BUGREPORT ""
| #define PACKAGE_URL ""
| #define APPDEFDIR ""
| #define SYSTEM_XPDFRC "/usr/local/etc/xpdfrc"
| #define HAVE_DIRENT_H 1
| #define HAVE_REWINDDIR 1
| #define HAVE_POPEN 1
| #define HAVE_MKSTEMP 1
| #define HAVE_MKSTEMPS 1
| #define HAVE_STD_SORT 1
| #define HAVE_FSEEKO 1
| #define STDC_HEADERS 1
| #define HAVE_SYS_TYPES_H 1
| #define HAVE_SYS_STAT_H 1
| #define HAVE_STDLIB_H 1
| #define HAVE_STRING_H 1
| #define HAVE_MEMORY_H 1
| #define HAVE_STRINGS_H 1
| #define HAVE_INTTYPES_H 1
| #define HAVE_STDINT_H 1
| #define HAVE_UNISTD_H 1
| #define HAVE_X11_XLIB_H 1
| #define HAVE_X11_EXTENSIONS_PRINT_H 1
| #define HAVE_X11_INTRINSIC_H 1
| #define HAVE_XM_XMALL_H 1
| /* end confdefs.h.  */
| #include <Sgm/HPanedW.h>
configure:7250: result: no
configure:7250: checking for Sgm/HPanedW.h
configure:7250: result: no
configure:7331: result: not using Sgm library
configure:7354: checking for XtAppSetExitFlag in -lXt
configure:7379: gcc -o conftest -g -O2   conftest.c -lXt -lXt   -lSM -lICE -lXp -lXext  -lX11  >&5
configure:7379: $? = 0
configure:7388: result: yes
configure:7422: checking whether to use freetype2 library
configure:7429: result: maybe
configure:7478: checking where to find the freetype2 header files
configure:7485: result: /usr/include/freetype2/
configure:7504: checking ft2build.h usability
configure:7504: gcc -c -g -O2  -I/usr/include/freetype2/  conftest.c >&5
configure:7504: $? = 0
configure:7504: result: yes
configure:7504: checking ft2build.h presence
configure:7504: gcc -E  -I/usr/include/freetype2/  conftest.c
configure:7504: $? = 0
configure:7504: result: yes
configure:7504: checking for ft2build.h
configure:7504: result: yes
configure:7533: checking for FT_Get_Name_Index in -lfreetype
configure:7558: gcc -o conftest -g -O2   conftest.c -lfreetype -I/usr/include/freetype2/  -lfreetype -lm  >&5
configure:7558: $? = 0
configure:7567: result: yes
configure:7578: result: using freetype2 library
configure:7637: checking whether to use libpng library
configure:7644: result: maybe
configure:7693: checking where to find the libpng header files
configure:7700: result: 
configure:7719: checking png.h usability
configure:7719: gcc -c -g -O2    conftest.c >&5
configure:7719: $? = 0
configure:7719: result: yes
configure:7719: checking png.h presence
configure:7719: gcc -E    conftest.c
configure:7719: $? = 0
configure:7719: result: yes
configure:7719: checking for png.h
configure:7719: result: yes
configure:7748: checking for png_write_row in -lpng
configure:7773: gcc -o conftest -g -O2   conftest.c -lpng   -lpng -lz  >&5
configure:7773: $? = 0
configure:7782: result: yes
configure:7793: result: using libpng library
configure:7846: checking whether to use libpaper library
configure:7853: result: maybe
configure:7902: checking where to find the libpaper header files
configure:7909: result: 
configure:7928: checking paper.h usability
configure:7928: gcc -c -g -O2    conftest.c >&5
conftest.c:70:10: fatal error: paper.h: No such file or directory
   70 | #include <paper.h>
      |          ^~~~~~~~~
compilation terminated.
configure:7928: $? = 1
configure: failed program was:
| /* confdefs.h */
| #define PACKAGE_NAME ""
| #define PACKAGE_TARNAME ""
| #define PACKAGE_VERSION ""
| #define PACKAGE_STRING ""
| #define PACKAGE_BUGREPORT ""
| #define PACKAGE_URL ""
| #define APPDEFDIR ""
| #define SYSTEM_XPDFRC "/usr/local/etc/xpdfrc"
| #define HAVE_DIRENT_H 1
| #define HAVE_REWINDDIR 1
| #define HAVE_POPEN 1
| #define HAVE_MKSTEMP 1
| #define HAVE_MKSTEMPS 1
| #define HAVE_STD_SORT 1
| #define HAVE_FSEEKO 1
| #define STDC_HEADERS 1
| #define HAVE_SYS_TYPES_H 1
| #define HAVE_SYS_STAT_H 1
| #define HAVE_STDLIB_H 1
| #define HAVE_STRING_H 1
| #define HAVE_MEMORY_H 1
| #define HAVE_STRINGS_H 1
| #define HAVE_INTTYPES_H 1
| #define HAVE_STDINT_H 1
| #define HAVE_UNISTD_H 1
| #define HAVE_X11_XLIB_H 1
| #define HAVE_X11_EXTENSIONS_PRINT_H 1
| #define HAVE_X11_INTRINSIC_H 1
| #define HAVE_XM_XMALL_H 1
| #define HAVE_XTAPPSETEXITFLAG 1
| #define HAVE_FT2BUILD_H 1
| #define HAVE_FREETYPE_FREETYPE_H 1
| #define HAVE_SPLASH 1
| #define HAVE_PNG_H 1
| /* end confdefs.h.  */
| #include <stdio.h>
| #ifdef HAVE_SYS_TYPES_H
| # include <sys/types.h>
| #endif
| #ifdef HAVE_SYS_STAT_H
| # include <sys/stat.h>
| #endif
| #ifdef STDC_HEADERS
| # include <stdlib.h>
| # include <stddef.h>
| #else
| # ifdef HAVE_STDLIB_H
| #  include <stdlib.h>
| # endif
| #endif
| #ifdef HAVE_STRING_H
| # if !defined STDC_HEADERS && defined HAVE_MEMORY_H
| #  include <memory.h>
| # endif
| # include <string.h>
| #endif
| #ifdef HAVE_STRINGS_H
| # include <strings.h>
| #endif
| #ifdef HAVE_INTTYPES_H
| # include <inttypes.h>
| #endif
| #ifdef HAVE_STDINT_H
| # include <stdint.h>
| #endif
| #ifdef HAVE_UNISTD_H
| # include <unistd.h>
| #endif
| #include <paper.h>
configure:7928: result: no
configure:7928: checking paper.h presence
configure:7928: gcc -E    conftest.c
conftest.c:37:10: fatal error: paper.h: No such file or directory
   37 | #include <paper.h>
      |          ^~~~~~~~~
compilation terminated.
configure:7928: $? = 1
configure: failed program was:
| /* confdefs.h */
| #define PACKAGE_NAME ""
| #define PACKAGE_TARNAME ""
| #define PACKAGE_VERSION ""
| #define PACKAGE_STRING ""
| #define PACKAGE_BUGREPORT ""
| #define PACKAGE_URL ""
| #define APPDEFDIR ""
| #define SYSTEM_XPDFRC "/usr/local/etc/xpdfrc"
| #define HAVE_DIRENT_H 1
| #define HAVE_REWINDDIR 1
| #define HAVE_POPEN 1
| #define HAVE_MKSTEMP 1
| #define HAVE_MKSTEMPS 1
| #define HAVE_STD_SORT 1
| #define HAVE_FSEEKO 1
| #define STDC_HEADERS 1
| #define HAVE_SYS_TYPES_H 1
| #define HAVE_SYS_STAT_H 1
| #define HAVE_STDLIB_H 1
| #define HAVE_STRING_H 1
| #define HAVE_MEMORY_H 1
| #define HAVE_STRINGS_H 1
| #define HAVE_INTTYPES_H 1
| #define HAVE_STDINT_H 1
| #define HAVE_UNISTD_H 1
| #define HAVE_X11_XLIB_H 1
| #define HAVE_X11_EXTENSIONS_PRINT_H 1
| #define HAVE_X11_INTRINSIC_H 1
| #define HAVE_XM_XMALL_H 1
| #define HAVE_XTAPPSETEXITFLAG 1
| #define HAVE_FT2BUILD_H 1
| #define HAVE_FREETYPE_FREETYPE_H 1
| #define HAVE_SPLASH 1
| #define HAVE_PNG_H 1
| /* end confdefs.h.  */
| #include <paper.h>
configure:7928: result: no
configure:7928: checking for paper.h
configure:7928: result: no
configure:8009: result: not using libpaper library
configure:8154: creating ./config.status

## ---------------------- ##
## Running config.status. ##
## ---------------------- ##

This file was extended by config.status, which was
generated by GNU Autoconf 2.69.  Invocation command line was

  CONFIG_FILES    = 
  CONFIG_HEADERS  = 
  CONFIG_LINKS    = 
  CONFIG_COMMANDS = 
  $ ./config.status 

on radon

config.status:854: creating Makefile
config.status:957: WARNING:  'Makefile.in' seems to ignore the --datarootdir setting
config.status:854: creating goo/Makefile
config.status:854: creating fofi/Makefile
config.status:854: creating splash/Makefile
config.status:854: creating xpdf/Makefile
config.status:854: creating aconf.h

## ---------------- ##
## Cache variables. ##
## ---------------- ##

ac_cv_c_compiler_gnu=yes
ac_cv_cxx_compiler_gnu=yes
ac_cv_env_CCC_set=
ac_cv_env_CCC_value=
ac_cv_env_CC_set=
ac_cv_env_CC_value=
ac_cv_env_CFLAGS_set=
ac_cv_env_CFLAGS_value=
ac_cv_env_CPPFLAGS_set=
ac_cv_env_CPPFLAGS_value=
ac_cv_env_CPP_set=
ac_cv_env_CPP_value=
ac_cv_env_CXXFLAGS_set=
ac_cv_env_CXXFLAGS_value=
ac_cv_env_CXX_set=
ac_cv_env_CXX_value=
ac_cv_env_LDFLAGS_set=
ac_cv_env_LDFLAGS_value=
ac_cv_env_LIBS_set=
ac_cv_env_LIBS_value=
ac_cv_env_XMKMF_set=
ac_cv_env_XMKMF_value=
ac_cv_env_build_alias_set=
ac_cv_env_build_alias_value=
ac_cv_env_host_alias_set=
ac_cv_env_host_alias_value=
ac_cv_env_target_alias_set=
ac_cv_env_target_alias_value=
ac_cv_func_connect=yes
ac_cv_func_fseek64=no
ac_cv_func_ftell64=no
ac_cv_func_gethostbyname=yes
ac_cv_func_popen=yes
ac_cv_func_remove=yes
ac_cv_func_rewinddir=yes
ac_cv_func_shmat=yes
ac_cv_have_x='have_x=yes	ac_x_includes='\'''\''	ac_x_libraries='\'''\'''
ac_cv_header_Sgm_HPanedW_h=no
ac_cv_header_X11_Intrinsic_h=yes
ac_cv_header_X11_Xlib_h=yes
ac_cv_header_X11_extensions_Print_h=yes
ac_cv_header_X11_xpm_h=no
ac_cv_header_Xm_XmAll_h=yes
ac_cv_header_dirent_dirent_h=yes
ac_cv_header_ft2build_h=yes
ac_cv_header_inttypes_h=yes
ac_cv_header_memory_h=yes
ac_cv_header_paper_h=no
ac_cv_header_png_h=yes
ac_cv_header_stdc=yes
ac_cv_header_stdint_h=yes
ac_cv_header_stdlib_h=yes
ac_cv_header_string_h=yes
ac_cv_header_strings_h=yes
ac_cv_header_sys_stat_h=yes
ac_cv_header_sys_types_h=yes
ac_cv_header_unistd_h=yes
ac_cv_lib_ICE_IceConnectionNumber=yes
ac_cv_lib_Xext_XextAddDisplay=yes
ac_cv_lib_Xm_XmCreateForm=yes
ac_cv_lib_Xp_XpStartPage=yes
ac_cv_lib_Xt_XtAppInitialize=yes
ac_cv_lib_Xt_XtAppSetExitFlag=yes
ac_cv_lib_freetype_FT_Get_Name_Index=yes
ac_cv_lib_png_png_write_row=yes
ac_cv_objext=o
ac_cv_path_EGREP='/usr/bin/grep -E'
ac_cv_path_GREP=/usr/bin/grep
ac_cv_path_install='/usr/bin/install -c'
ac_cv_prog_CPP='gcc -E'
ac_cv_prog_ac_ct_CC=gcc
ac_cv_prog_ac_ct_CXX=g++
ac_cv_prog_ac_ct_RANLIB=ranlib
ac_cv_prog_cc_c89=
ac_cv_prog_cc_c99=
ac_cv_prog_cc_g=yes
ac_cv_prog_cc_stdc=
ac_cv_prog_cxx_g=yes
ac_cv_search_opendir='none required'
ac_cv_search_strerror='none required'
ac_cv_sys_file_offset_bits=no
ac_cv_sys_largefile_CC=no
ac_cv_sys_largefile_source=no
smr_cv_with_Sgm_includes=
smr_cv_with_Sgm_library=maybe
smr_cv_with_Xext_includes=
smr_cv_with_Xext_library=maybe
smr_cv_with_Xm_includes=
smr_cv_with_Xm_library=maybe
smr_cv_with_Xp_includes=
smr_cv_with_Xp_library=maybe
smr_cv_with_Xpm_includes=
smr_cv_with_Xpm_library=maybe
smr_cv_with_Xt_includes=
smr_cv_with_Xt_library=maybe
smr_cv_with_freetype2_includes=/usr/include/freetype2/
smr_cv_with_freetype2_library=maybe
smr_cv_with_libpaper_includes=
smr_cv_with_libpaper_library=maybe
smr_cv_with_libpng_includes=
smr_cv_with_libpng_library=maybe
xpdf_cv_func_fseek64=no
xpdf_cv_func_ftell64=no
xpdf_cv_func_mkstemp=yes
xpdf_cv_func_mkstemps=yes
xpdf_cv_func_select_arg=yes
xpdf_cv_func_std_sort=yes
xpdf_cv_sys_dos=no
xpdf_cv_sys_os2=no

## ----------------- ##
## Output variables. ##
## ----------------- ##

AR='ar rc'
CC='gcc'
CFLAGS='-g -O2'
CPP='gcc -E'
CPPFLAGS=''
CXX='g++'
CXXFLAGS='-g -O2'
DEFS='-DHAVE_CONFIG_H'
ECHO_C=''
ECHO_N='-n'
ECHO_T=''
EGREP='/usr/bin/grep -E'
EXE=''
EXEEXT=''
EXTRA_CFLAGS=''
EXTRA_LIBS=''
GREP='/usr/bin/grep'
INSTALL_DATA='${INSTALL} -m 644'
INSTALL_PROGRAM='${INSTALL}'
INSTALL_SCRIPT='${INSTALL}'
LDFLAGS=''
LIBOBJS=''
LIBPREFIX='lib'
LIBS=''
LTLIBOBJS=''
OBJEXT='o'
PACKAGE_BUGREPORT=''
PACKAGE_NAME=''
PACKAGE_STRING=''
PACKAGE_TARNAME=''
PACKAGE_URL=''
PACKAGE_VERSION=''
PATH_SEPARATOR=':'
RANLIB='ranlib'
SHELL='/bin/sh'
Sgm_CFLAGS=''
Sgm_LIBS=''
UP_DIR=''
X=''
XMKMF=''
XPDF_TARGET='all'
X_CFLAGS=''
X_EXTRA_LIBS=''
X_LIBS=''
X_PRE_LIBS=' -lSM -lICE'
Xext_CFLAGS=''
Xext_LIBS='-lXext'
Xm_CFLAGS=''
Xm_LIBS='-lXm'
Xp_CFLAGS=''
Xp_LIBS='-lXp'
Xpm_CFLAGS=''
Xpm_LIBS=''
Xt_CFLAGS=''
Xt_LIBS='-lXt'
ac_ct_CC='gcc'
ac_ct_CXX='g++'
bindir='${exec_prefix}/bin'
build_alias=''
datadir='${datarootdir}'
datarootdir='${prefix}/share'
docdir='${datarootdir}/doc/${PACKAGE}'
dvidir='${docdir}'
exec_prefix='${prefix}'
freetype2_CFLAGS='-I/usr/include/freetype2/'
freetype2_LIBS='-lfreetype'
host_alias=''
htmldir='${docdir}'
includedir='${prefix}/include'
infodir='${datarootdir}/info'
libdir='${exec_prefix}/lib'
libexecdir='${exec_prefix}/libexec'
libpaper_CFLAGS=''
libpaper_LIBS=''
libpng_CFLAGS=''
libpng_LIBS='-lpng'
localedir='${datarootdir}/locale'
localstatedir='${prefix}/var'
mandir='${datarootdir}/man'
oldincludedir='/usr/include'
pdfdir='${docdir}'
prefix='/usr/local'
program_transform_name='s,x,x,'
psdir='${docdir}'
sbindir='${exec_prefix}/sbin'
sharedstatedir='${prefix}/com'
sysconfdir='${prefix}/etc'
target_alias=''

## ----------- ##
## confdefs.h. ##
## ----------- ##

/* confdefs.h */
#define PACKAGE_NAME ""
#define PACKAGE_TARNAME ""
#define PACKAGE_VERSION ""
#define PACKAGE_STRING ""
#define PACKAGE_BUGREPORT ""
#define PACKAGE_URL ""
#define APPDEFDIR ""
#define SYSTEM_XPDFRC "/usr/local/etc/xpdfrc"
#define HAVE_DIRENT_H 1
#define HAVE_REWINDDIR 1
#define HAVE_POPEN 1
#define HAVE_MKSTEMP 1
#define HAVE_MKSTEMPS 1
#define HAVE_STD_SORT 1
#define HAVE_FSEEKO 1
#define STDC_HEADERS 1
#define HAVE_SYS_TYPES_H 1
#define HAVE_SYS_STAT_H 1
#define HAVE_STDLIB_H 1
#define HAVE_STRING_H 1
#define HAVE_MEMORY_H 1
#define HAVE_STRINGS_H 1
#define HAVE_INTTYPES_H 1
#define HAVE_STDINT_H 1
#define HAVE_UNISTD_H 1
#define HAVE_X11_XLIB_H 1
#define HAVE_X11_EXTENSIONS_PRINT_H 1
#define HAVE_X11_INTRINSIC_H 1
#define HAVE_XM_XMALL_H 1
#define HAVE_XTAPPSETEXITFLAG 1
#define HAVE_FT2BUILD_H 1
#define HAVE_FREETYPE_FREETYPE_H 1
#define HAVE_SPLASH 1
#define HAVE_PNG_H 1

configure: exit 0
